<?xml version="1.0" encoding="UTF-8"?>
<!-- Generated by org.testng.reporters.JUnitXMLReporter -->
<testsuite ignored="0" hostname="LAPTOP-R379FAK2" failures="0" tests="10" name="chromeTest" time="437.434" errors="0" timestamp="2023-05-03T15:49:14 IST">
  <testcase classname="com.SpiceJet.Tests.SignUpTest" name="signUp" time="26.029"/>
  <testcase classname="com.SpiceJet.Tests.LoginPositiveTest" name="login" time="7.789"/>
  <testcase classname="com.SpiceJet.Tests.LoginNegativeTest" name="login" time="7.487"/>
  <testcase classname="com.SpiceJet.Tests.OneWayTest" name="searchFlightOnewayTrip" time="9.296"/>
  <testcase classname="com.SpiceJet.Tests.RoundTest" name="searchFlightRoundTrip" time="34.437"/>
  <testcase classname="com.SpiceJet.Tests.BookingTest" name="BookingFlight" time="40.069"/>
  <testcase classname="com.SpiceJet.Tests.DummyInfoTest" name="passengersPayments" time="181.029"/>
  <testcase classname="com.SpiceJet.Tests.CheckInFieldTest" name="validateFields" time="7.701"/>
  <testcase classname="com.SpiceJet.Tests.FlightStatusFieldTest" name="validateFlightStatus" time="26.733"/>
  <testcase classname="com.SpiceJet.Tests.ManageBookingTest" name="validateFields" time="7.796"/>
</testsuite> <!-- chromeTest -->
