<?xml version="1.0" encoding="UTF-8"?>
<!-- Generated by org.testng.reporters.JUnitXMLReporter -->
<testsuite ignored="0" hostname="LAPTOP-R379FAK2" failures="0" tests="10" name="edgeTest" time="511.46" errors="0" timestamp="2023-05-03T15:57:46 IST">
  <testcase classname="com.SpiceJet.Tests.SignUpTest" name="signUp" time="26.664"/>
  <testcase classname="com.SpiceJet.Tests.LoginPositiveTest" name="login" time="8.077"/>
  <testcase classname="com.SpiceJet.Tests.LoginNegativeTest" name="login" time="7.832"/>
  <testcase classname="com.SpiceJet.Tests.OneWayTest" name="searchFlightOnewayTrip" time="9.44"/>
  <testcase classname="com.SpiceJet.Tests.RoundTest" name="searchFlightRoundTrip" time="34.993"/>
  <testcase classname="com.SpiceJet.Tests.BookingTest" name="BookingFlight" time="38.415"/>
  <testcase classname="com.SpiceJet.Tests.DummyInfoTest" name="passengersPayments" time="156.538"/>
  <testcase classname="com.SpiceJet.Tests.CheckInFieldTest" name="validateFields" time="39.04"/>
  <testcase classname="com.SpiceJet.Tests.FlightStatusFieldTest" name="validateFlightStatus" time="27.077"/>
  <testcase classname="com.SpiceJet.Tests.ManageBookingTest" name="validateFields" time="36.104"/>
</testsuite> <!-- edgeTest -->
