<?xml version="1.0" encoding="UTF-8"?>
<testng-results ignored="0" total="20" passed="20" failed="0" skipped="0">
  <reporter-output>
  </reporter-output>
  <suite started-at="2023-05-03T15:41:57 IST" name="Suite" finished-at="2023-05-03T15:57:46 IST" duration-ms="948923">
    <groups>
    </groups>
    <test started-at="2023-05-03T15:41:57 IST" name="chromeTest" finished-at="2023-05-03T15:49:14 IST" duration-ms="437434">
      <class name="com.SpiceJet.Tests.LoginNegativeTest">
        <test-method is-config="true" signature="launchBrowser(java.lang.String)[pri:0, instance:com.SpiceJet.Tests.LoginNegativeTest@55183b20]" started-at="2023-05-03T15:42:51 IST" name="launchBrowser" finished-at="2023-05-03T15:42:58 IST" duration-ms="7257" status="PASS">
          <params>
            <param index="0">
              <value>
                <![CDATA[chrome]]>
              </value>
            </param>
          </params>
          <reporter-output>
          </reporter-output>
        </test-method> <!-- launchBrowser -->
        <test-method signature="login()[pri:-1, instance:com.SpiceJet.Tests.LoginNegativeTest@55183b20]" started-at="2023-05-03T15:42:58 IST" name="login" finished-at="2023-05-03T15:43:06 IST" duration-ms="7487" status="PASS">
          <reporter-output>
          </reporter-output>
        </test-method> <!-- login -->
        <test-method is-config="true" signature="quitBrowser()[pri:0, instance:com.SpiceJet.Tests.LoginNegativeTest@55183b20]" started-at="2023-05-03T15:43:06 IST" name="quitBrowser" finished-at="2023-05-03T15:43:06 IST" duration-ms="216" status="PASS">
          <reporter-output>
          </reporter-output>
        </test-method> <!-- quitBrowser -->
      </class> <!-- com.SpiceJet.Tests.LoginNegativeTest -->
      <class name="com.SpiceJet.Tests.RoundTest">
        <test-method is-config="true" signature="launchBrowser(java.lang.String)[pri:0, instance:com.SpiceJet.Tests.RoundTest@6cf0e0ba]" started-at="2023-05-03T15:43:23 IST" name="launchBrowser" finished-at="2023-05-03T15:43:34 IST" duration-ms="10884" status="PASS">
          <params>
            <param index="0">
              <value>
                <![CDATA[chrome]]>
              </value>
            </param>
          </params>
          <reporter-output>
          </reporter-output>
        </test-method> <!-- launchBrowser -->
        <test-method signature="searchFlightRoundTrip()[pri:1, instance:com.SpiceJet.Tests.RoundTest@6cf0e0ba]" started-at="2023-05-03T15:43:34 IST" name="searchFlightRoundTrip" finished-at="2023-05-03T15:44:09 IST" duration-ms="34437" status="PASS">
          <reporter-output>
          </reporter-output>
        </test-method> <!-- searchFlightRoundTrip -->
        <test-method is-config="true" signature="quitBrowser()[pri:0, instance:com.SpiceJet.Tests.RoundTest@6cf0e0ba]" started-at="2023-05-03T15:44:09 IST" name="quitBrowser" finished-at="2023-05-03T15:44:09 IST" duration-ms="198" status="PASS">
          <reporter-output>
          </reporter-output>
        </test-method> <!-- quitBrowser -->
      </class> <!-- com.SpiceJet.Tests.RoundTest -->
      <class name="com.SpiceJet.Tests.OneWayTest">
        <test-method is-config="true" signature="launchBrowser(java.lang.String)[pri:0, instance:com.SpiceJet.Tests.OneWayTest@4f83df68]" started-at="2023-05-03T15:43:06 IST" name="launchBrowser" finished-at="2023-05-03T15:43:14 IST" duration-ms="7686" status="PASS">
          <params>
            <param index="0">
              <value>
                <![CDATA[chrome]]>
              </value>
            </param>
          </params>
          <reporter-output>
          </reporter-output>
        </test-method> <!-- launchBrowser -->
        <test-method signature="searchFlightOnewayTrip()[pri:0, instance:com.SpiceJet.Tests.OneWayTest@4f83df68]" started-at="2023-05-03T15:43:14 IST" name="searchFlightOnewayTrip" finished-at="2023-05-03T15:43:23 IST" duration-ms="9296" status="PASS">
          <reporter-output>
          </reporter-output>
        </test-method> <!-- searchFlightOnewayTrip -->
        <test-method is-config="true" signature="quitBrowser()[pri:0, instance:com.SpiceJet.Tests.OneWayTest@4f83df68]" started-at="2023-05-03T15:43:23 IST" name="quitBrowser" finished-at="2023-05-03T15:43:23 IST" duration-ms="200" status="PASS">
          <reporter-output>
          </reporter-output>
        </test-method> <!-- quitBrowser -->
      </class> <!-- com.SpiceJet.Tests.OneWayTest -->
      <class name="com.SpiceJet.Tests.CheckInFieldTest">
        <test-method is-config="true" signature="launchBrowser(java.lang.String)[pri:0, instance:com.SpiceJet.Tests.CheckInFieldTest@6aeb35e6]" started-at="2023-05-03T15:48:06 IST" name="launchBrowser" finished-at="2023-05-03T15:48:14 IST" duration-ms="7637" status="PASS">
          <params>
            <param index="0">
              <value>
                <![CDATA[chrome]]>
              </value>
            </param>
          </params>
          <reporter-output>
          </reporter-output>
        </test-method> <!-- launchBrowser -->
        <test-method signature="validateFields()[pri:4, instance:com.SpiceJet.Tests.CheckInFieldTest@6aeb35e6]" started-at="2023-05-03T15:48:14 IST" name="validateFields" finished-at="2023-05-03T15:48:22 IST" duration-ms="7701" status="PASS">
          <reporter-output>
          </reporter-output>
        </test-method> <!-- validateFields -->
        <test-method is-config="true" signature="quitBrowser()[pri:0, instance:com.SpiceJet.Tests.CheckInFieldTest@6aeb35e6]" started-at="2023-05-03T15:48:22 IST" name="quitBrowser" finished-at="2023-05-03T15:48:22 IST" duration-ms="262" status="PASS">
          <reporter-output>
          </reporter-output>
        </test-method> <!-- quitBrowser -->
      </class> <!-- com.SpiceJet.Tests.CheckInFieldTest -->
      <class name="com.SpiceJet.Tests.ManageBookingTest">
        <test-method is-config="true" signature="launchBrowser(java.lang.String)[pri:0, instance:com.SpiceJet.Tests.ManageBookingTest@74f0ea28]" started-at="2023-05-03T15:48:58 IST" name="launchBrowser" finished-at="2023-05-03T15:49:06 IST" duration-ms="8410" status="PASS">
          <params>
            <param index="0">
              <value>
                <![CDATA[chrome]]>
              </value>
            </param>
          </params>
          <reporter-output>
          </reporter-output>
        </test-method> <!-- launchBrowser -->
        <test-method signature="validateFields()[pri:6, instance:com.SpiceJet.Tests.ManageBookingTest@74f0ea28]" started-at="2023-05-03T15:49:06 IST" name="validateFields" finished-at="2023-05-03T15:49:14 IST" duration-ms="7796" status="PASS">
          <reporter-output>
          </reporter-output>
        </test-method> <!-- validateFields -->
        <test-method is-config="true" signature="quitBrowser()[pri:0, instance:com.SpiceJet.Tests.ManageBookingTest@74f0ea28]" started-at="2023-05-03T15:49:14 IST" name="quitBrowser" finished-at="2023-05-03T15:49:14 IST" duration-ms="228" status="PASS">
          <reporter-output>
          </reporter-output>
        </test-method> <!-- quitBrowser -->
      </class> <!-- com.SpiceJet.Tests.ManageBookingTest -->
      <class name="com.SpiceJet.Tests.FlightStatusFieldTest">
        <test-method is-config="true" signature="launchBrowser(java.lang.String)[pri:0, instance:com.SpiceJet.Tests.FlightStatusFieldTest@1283bb96]" started-at="2023-05-03T15:48:22 IST" name="launchBrowser" finished-at="2023-05-03T15:48:31 IST" duration-ms="8876" status="PASS">
          <params>
            <param index="0">
              <value>
                <![CDATA[chrome]]>
              </value>
            </param>
          </params>
          <reporter-output>
          </reporter-output>
        </test-method> <!-- launchBrowser -->
        <test-method signature="validateFlightStatus()[pri:5, instance:com.SpiceJet.Tests.FlightStatusFieldTest@1283bb96]" started-at="2023-05-03T15:48:31 IST" name="validateFlightStatus" finished-at="2023-05-03T15:48:58 IST" duration-ms="26733" status="PASS">
          <reporter-output>
          </reporter-output>
        </test-method> <!-- validateFlightStatus -->
        <test-method is-config="true" signature="quitBrowser()[pri:0, instance:com.SpiceJet.Tests.FlightStatusFieldTest@1283bb96]" started-at="2023-05-03T15:48:58 IST" name="quitBrowser" finished-at="2023-05-03T15:48:58 IST" duration-ms="269" status="PASS">
          <reporter-output>
          </reporter-output>
        </test-method> <!-- quitBrowser -->
      </class> <!-- com.SpiceJet.Tests.FlightStatusFieldTest -->
      <class name="com.SpiceJet.Tests.BookingTest">
        <test-method is-config="true" signature="launchBrowser(java.lang.String)[pri:0, instance:com.SpiceJet.Tests.BookingTest@7d8995e]" started-at="2023-05-03T15:44:09 IST" name="launchBrowser" finished-at="2023-05-03T15:44:17 IST" duration-ms="8442" status="PASS">
          <params>
            <param index="0">
              <value>
                <![CDATA[chrome]]>
              </value>
            </param>
          </params>
          <reporter-output>
          </reporter-output>
        </test-method> <!-- launchBrowser -->
        <test-method signature="BookingFlight()[pri:2, instance:com.SpiceJet.Tests.BookingTest@7d8995e]" started-at="2023-05-03T15:44:17 IST" name="BookingFlight" finished-at="2023-05-03T15:44:57 IST" duration-ms="40069" status="PASS">
          <reporter-output>
          </reporter-output>
        </test-method> <!-- BookingFlight -->
        <test-method is-config="true" signature="quitBrowser()[pri:0, instance:com.SpiceJet.Tests.BookingTest@7d8995e]" started-at="2023-05-03T15:44:57 IST" name="quitBrowser" finished-at="2023-05-03T15:44:58 IST" duration-ms="189" status="PASS">
          <reporter-output>
          </reporter-output>
        </test-method> <!-- quitBrowser -->
      </class> <!-- com.SpiceJet.Tests.BookingTest -->
      <class name="com.SpiceJet.Tests.DummyInfoTest">
        <test-method is-config="true" signature="launchBrowser(java.lang.String)[pri:0, instance:com.SpiceJet.Tests.DummyInfoTest@130d63be]" started-at="2023-05-03T15:44:58 IST" name="launchBrowser" finished-at="2023-05-03T15:45:05 IST" duration-ms="7437" status="PASS">
          <params>
            <param index="0">
              <value>
                <![CDATA[chrome]]>
              </value>
            </param>
          </params>
          <reporter-output>
          </reporter-output>
        </test-method> <!-- launchBrowser -->
        <test-method signature="passengersPayments()[pri:3, instance:com.SpiceJet.Tests.DummyInfoTest@130d63be]" started-at="2023-05-03T15:45:05 IST" name="passengersPayments" finished-at="2023-05-03T15:48:06 IST" duration-ms="181029" status="PASS">
          <reporter-output>
          </reporter-output>
        </test-method> <!-- passengersPayments -->
        <test-method is-config="true" signature="quitBrowser()[pri:0, instance:com.SpiceJet.Tests.DummyInfoTest@130d63be]" started-at="2023-05-03T15:48:06 IST" name="quitBrowser" finished-at="2023-05-03T15:48:06 IST" duration-ms="286" status="PASS">
          <reporter-output>
          </reporter-output>
        </test-method> <!-- quitBrowser -->
      </class> <!-- com.SpiceJet.Tests.DummyInfoTest -->
      <class name="com.SpiceJet.Tests.LoginPositiveTest">
        <test-method is-config="true" signature="launchBrowser(java.lang.String)[pri:0, instance:com.SpiceJet.Tests.LoginPositiveTest@1bd4fdd]" started-at="2023-05-03T15:42:36 IST" name="launchBrowser" finished-at="2023-05-03T15:42:43 IST" duration-ms="7665" status="PASS">
          <params>
            <param index="0">
              <value>
                <![CDATA[chrome]]>
              </value>
            </param>
          </params>
          <reporter-output>
          </reporter-output>
        </test-method> <!-- launchBrowser -->
        <test-method signature="login()[pri:-2, instance:com.SpiceJet.Tests.LoginPositiveTest@1bd4fdd]" started-at="2023-05-03T15:42:43 IST" name="login" finished-at="2023-05-03T15:42:51 IST" duration-ms="7789" status="PASS">
          <reporter-output>
          </reporter-output>
        </test-method> <!-- login -->
        <test-method is-config="true" signature="quitBrowser()[pri:0, instance:com.SpiceJet.Tests.LoginPositiveTest@1bd4fdd]" started-at="2023-05-03T15:42:51 IST" name="quitBrowser" finished-at="2023-05-03T15:42:51 IST" duration-ms="189" status="PASS">
          <reporter-output>
          </reporter-output>
        </test-method> <!-- quitBrowser -->
      </class> <!-- com.SpiceJet.Tests.LoginPositiveTest -->
      <class name="com.SpiceJet.Tests.SignUpTest">
        <test-method is-config="true" signature="launchBrowser(java.lang.String)[pri:0, instance:com.SpiceJet.Tests.SignUpTest@35e2d654]" started-at="2023-05-03T15:41:57 IST" name="launchBrowser" finished-at="2023-05-03T15:42:09 IST" duration-ms="12256" status="PASS">
          <params>
            <param index="0">
              <value>
                <![CDATA[chrome]]>
              </value>
            </param>
          </params>
          <reporter-output>
          </reporter-output>
        </test-method> <!-- launchBrowser -->
        <test-method signature="signUp()[pri:-3, instance:com.SpiceJet.Tests.SignUpTest@35e2d654]" started-at="2023-05-03T15:42:09 IST" name="signUp" finished-at="2023-05-03T15:42:35 IST" duration-ms="26029" status="PASS">
          <reporter-output>
          </reporter-output>
        </test-method> <!-- signUp -->
        <test-method is-config="true" signature="quitBrowser()[pri:0, instance:com.SpiceJet.Tests.SignUpTest@35e2d654]" started-at="2023-05-03T15:42:35 IST" name="quitBrowser" finished-at="2023-05-03T15:42:36 IST" duration-ms="410" status="PASS">
          <reporter-output>
          </reporter-output>
        </test-method> <!-- quitBrowser -->
      </class> <!-- com.SpiceJet.Tests.SignUpTest -->
    </test> <!-- chromeTest -->
    <test started-at="2023-05-03T15:49:14 IST" name="edgeTest" finished-at="2023-05-03T15:57:46 IST" duration-ms="511460">
      <class name="com.SpiceJet.Tests.LoginNegativeTest">
        <test-method is-config="true" signature="launchBrowser(java.lang.String)[pri:0, instance:com.SpiceJet.Tests.LoginNegativeTest@28701274]" started-at="2023-05-03T15:50:14 IST" name="launchBrowser" finished-at="2023-05-03T15:50:31 IST" duration-ms="17729" status="PASS">
          <params>
            <param index="0">
              <value>
                <![CDATA[edge]]>
              </value>
            </param>
          </params>
          <reporter-output>
          </reporter-output>
        </test-method> <!-- launchBrowser -->
        <test-method signature="login()[pri:-1, instance:com.SpiceJet.Tests.LoginNegativeTest@28701274]" started-at="2023-05-03T15:50:31 IST" name="login" finished-at="2023-05-03T15:50:39 IST" duration-ms="7832" status="PASS">
          <reporter-output>
          </reporter-output>
        </test-method> <!-- login -->
        <test-method is-config="true" signature="quitBrowser()[pri:0, instance:com.SpiceJet.Tests.LoginNegativeTest@28701274]" started-at="2023-05-03T15:50:39 IST" name="quitBrowser" finished-at="2023-05-03T15:50:40 IST" duration-ms="373" status="PASS">
          <reporter-output>
          </reporter-output>
        </test-method> <!-- quitBrowser -->
      </class> <!-- com.SpiceJet.Tests.LoginNegativeTest -->
      <class name="com.SpiceJet.Tests.RoundTest">
        <test-method is-config="true" signature="launchBrowser(java.lang.String)[pri:0, instance:com.SpiceJet.Tests.RoundTest@3754a4bf]" started-at="2023-05-03T15:51:02 IST" name="launchBrowser" finished-at="2023-05-03T15:51:13 IST" duration-ms="10865" status="PASS">
          <params>
            <param index="0">
              <value>
                <![CDATA[edge]]>
              </value>
            </param>
          </params>
          <reporter-output>
          </reporter-output>
        </test-method> <!-- launchBrowser -->
        <test-method signature="searchFlightRoundTrip()[pri:1, instance:com.SpiceJet.Tests.RoundTest@3754a4bf]" started-at="2023-05-03T15:51:13 IST" name="searchFlightRoundTrip" finished-at="2023-05-03T15:51:48 IST" duration-ms="34993" status="PASS">
          <reporter-output>
          </reporter-output>
        </test-method> <!-- searchFlightRoundTrip -->
        <test-method is-config="true" signature="quitBrowser()[pri:0, instance:com.SpiceJet.Tests.RoundTest@3754a4bf]" started-at="2023-05-03T15:51:48 IST" name="quitBrowser" finished-at="2023-05-03T15:51:49 IST" duration-ms="397" status="PASS">
          <reporter-output>
          </reporter-output>
        </test-method> <!-- quitBrowser -->
      </class> <!-- com.SpiceJet.Tests.RoundTest -->
      <class name="com.SpiceJet.Utils.Reports">
        <test-method is-config="true" signature="startReport()[pri:0, instance:com.SpiceJet.Utils.Reports@411f53a0]" started-at="2023-05-03T15:41:57 IST" name="startReport" finished-at="2023-05-03T15:41:57 IST" duration-ms="289" status="PASS">
          <reporter-output>
          </reporter-output>
        </test-method> <!-- startReport -->
        <test-method is-config="true" signature="endReport()[pri:0, instance:com.SpiceJet.Utils.Reports@411f53a0]" started-at="2023-05-03T15:57:46 IST" name="endReport" finished-at="2023-05-03T15:57:46 IST" duration-ms="299" status="PASS">
          <reporter-output>
          </reporter-output>
        </test-method> <!-- endReport -->
      </class> <!-- com.SpiceJet.Utils.Reports -->
      <class name="com.SpiceJet.Tests.CheckInFieldTest">
        <test-method is-config="true" signature="launchBrowser(java.lang.String)[pri:0, instance:com.SpiceJet.Tests.CheckInFieldTest@175c2241]" started-at="2023-05-03T15:55:28 IST" name="launchBrowser" finished-at="2023-05-03T15:55:40 IST" duration-ms="12133" status="PASS">
          <params>
            <param index="0">
              <value>
                <![CDATA[edge]]>
              </value>
            </param>
          </params>
          <reporter-output>
          </reporter-output>
        </test-method> <!-- launchBrowser -->
        <test-method signature="validateFields()[pri:4, instance:com.SpiceJet.Tests.CheckInFieldTest@175c2241]" started-at="2023-05-03T15:55:40 IST" name="validateFields" finished-at="2023-05-03T15:56:19 IST" duration-ms="39040" status="PASS">
          <reporter-output>
          </reporter-output>
        </test-method> <!-- validateFields -->
        <test-method is-config="true" signature="quitBrowser()[pri:0, instance:com.SpiceJet.Tests.CheckInFieldTest@175c2241]" started-at="2023-05-03T15:56:19 IST" name="quitBrowser" finished-at="2023-05-03T15:56:19 IST" duration-ms="254" status="PASS">
          <reporter-output>
          </reporter-output>
        </test-method> <!-- quitBrowser -->
      </class> <!-- com.SpiceJet.Tests.CheckInFieldTest -->
      <class name="com.SpiceJet.Tests.OneWayTest">
        <test-method is-config="true" signature="launchBrowser(java.lang.String)[pri:0, instance:com.SpiceJet.Tests.OneWayTest@13c9d689]" started-at="2023-05-03T15:50:40 IST" name="launchBrowser" finished-at="2023-05-03T15:50:53 IST" duration-ms="12867" status="PASS">
          <params>
            <param index="0">
              <value>
                <![CDATA[edge]]>
              </value>
            </param>
          </params>
          <reporter-output>
          </reporter-output>
        </test-method> <!-- launchBrowser -->
        <test-method signature="searchFlightOnewayTrip()[pri:0, instance:com.SpiceJet.Tests.OneWayTest@13c9d689]" started-at="2023-05-03T15:50:53 IST" name="searchFlightOnewayTrip" finished-at="2023-05-03T15:51:02 IST" duration-ms="9440" status="PASS">
          <reporter-output>
          </reporter-output>
        </test-method> <!-- searchFlightOnewayTrip -->
        <test-method is-config="true" signature="quitBrowser()[pri:0, instance:com.SpiceJet.Tests.OneWayTest@13c9d689]" started-at="2023-05-03T15:51:02 IST" name="quitBrowser" finished-at="2023-05-03T15:51:02 IST" duration-ms="397" status="PASS">
          <reporter-output>
          </reporter-output>
        </test-method> <!-- quitBrowser -->
      </class> <!-- com.SpiceJet.Tests.OneWayTest -->
      <class name="com.SpiceJet.Tests.ManageBookingTest">
        <test-method is-config="true" signature="launchBrowser(java.lang.String)[pri:0, instance:com.SpiceJet.Tests.ManageBookingTest@5b7a5baa]" started-at="2023-05-03T15:56:59 IST" name="launchBrowser" finished-at="2023-05-03T15:57:09 IST" duration-ms="10552" status="PASS">
          <params>
            <param index="0">
              <value>
                <![CDATA[edge]]>
              </value>
            </param>
          </params>
          <reporter-output>
          </reporter-output>
        </test-method> <!-- launchBrowser -->
        <test-method signature="validateFields()[pri:6, instance:com.SpiceJet.Tests.ManageBookingTest@5b7a5baa]" started-at="2023-05-03T15:57:09 IST" name="validateFields" finished-at="2023-05-03T15:57:45 IST" duration-ms="36104" status="PASS">
          <reporter-output>
          </reporter-output>
        </test-method> <!-- validateFields -->
        <test-method is-config="true" signature="quitBrowser()[pri:0, instance:com.SpiceJet.Tests.ManageBookingTest@5b7a5baa]" started-at="2023-05-03T15:57:45 IST" name="quitBrowser" finished-at="2023-05-03T15:57:46 IST" duration-ms="257" status="PASS">
          <reporter-output>
          </reporter-output>
        </test-method> <!-- quitBrowser -->
      </class> <!-- com.SpiceJet.Tests.ManageBookingTest -->
      <class name="com.SpiceJet.Tests.FlightStatusFieldTest">
        <test-method is-config="true" signature="launchBrowser(java.lang.String)[pri:0, instance:com.SpiceJet.Tests.FlightStatusFieldTest@5bf0d49]" started-at="2023-05-03T15:56:19 IST" name="launchBrowser" finished-at="2023-05-03T15:56:31 IST" duration-ms="11862" status="PASS">
          <params>
            <param index="0">
              <value>
                <![CDATA[edge]]>
              </value>
            </param>
          </params>
          <reporter-output>
          </reporter-output>
        </test-method> <!-- launchBrowser -->
        <test-method signature="validateFlightStatus()[pri:5, instance:com.SpiceJet.Tests.FlightStatusFieldTest@5bf0d49]" started-at="2023-05-03T15:56:31 IST" name="validateFlightStatus" finished-at="2023-05-03T15:56:58 IST" duration-ms="27077" status="PASS">
          <reporter-output>
          </reporter-output>
        </test-method> <!-- validateFlightStatus -->
        <test-method is-config="true" signature="quitBrowser()[pri:0, instance:com.SpiceJet.Tests.FlightStatusFieldTest@5bf0d49]" started-at="2023-05-03T15:56:58 IST" name="quitBrowser" finished-at="2023-05-03T15:56:59 IST" duration-ms="393" status="PASS">
          <reporter-output>
          </reporter-output>
        </test-method> <!-- quitBrowser -->
      </class> <!-- com.SpiceJet.Tests.FlightStatusFieldTest -->
      <class name="com.SpiceJet.Tests.BookingTest">
        <test-method is-config="true" signature="launchBrowser(java.lang.String)[pri:0, instance:com.SpiceJet.Tests.BookingTest@62379589]" started-at="2023-05-03T15:51:49 IST" name="launchBrowser" finished-at="2023-05-03T15:52:00 IST" duration-ms="11333" status="PASS">
          <params>
            <param index="0">
              <value>
                <![CDATA[edge]]>
              </value>
            </param>
          </params>
          <reporter-output>
          </reporter-output>
        </test-method> <!-- launchBrowser -->
        <test-method signature="BookingFlight()[pri:2, instance:com.SpiceJet.Tests.BookingTest@62379589]" started-at="2023-05-03T15:52:00 IST" name="BookingFlight" finished-at="2023-05-03T15:52:38 IST" duration-ms="38415" status="PASS">
          <reporter-output>
          </reporter-output>
        </test-method> <!-- BookingFlight -->
        <test-method is-config="true" signature="quitBrowser()[pri:0, instance:com.SpiceJet.Tests.BookingTest@62379589]" started-at="2023-05-03T15:52:38 IST" name="quitBrowser" finished-at="2023-05-03T15:52:39 IST" duration-ms="393" status="PASS">
          <reporter-output>
          </reporter-output>
        </test-method> <!-- quitBrowser -->
      </class> <!-- com.SpiceJet.Tests.BookingTest -->
      <class name="com.SpiceJet.Tests.DummyInfoTest">
        <test-method is-config="true" signature="launchBrowser(java.lang.String)[pri:0, instance:com.SpiceJet.Tests.DummyInfoTest@4afcd809]" started-at="2023-05-03T15:52:39 IST" name="launchBrowser" finished-at="2023-05-03T15:52:51 IST" duration-ms="12216" status="PASS">
          <params>
            <param index="0">
              <value>
                <![CDATA[edge]]>
              </value>
            </param>
          </params>
          <reporter-output>
          </reporter-output>
        </test-method> <!-- launchBrowser -->
        <test-method signature="passengersPayments()[pri:3, instance:com.SpiceJet.Tests.DummyInfoTest@4afcd809]" started-at="2023-05-03T15:52:51 IST" name="passengersPayments" finished-at="2023-05-03T15:55:28 IST" duration-ms="156538" status="PASS">
          <reporter-output>
          </reporter-output>
        </test-method> <!-- passengersPayments -->
        <test-method is-config="true" signature="quitBrowser()[pri:0, instance:com.SpiceJet.Tests.DummyInfoTest@4afcd809]" started-at="2023-05-03T15:55:28 IST" name="quitBrowser" finished-at="2023-05-03T15:55:28 IST" duration-ms="512" status="PASS">
          <reporter-output>
          </reporter-output>
        </test-method> <!-- quitBrowser -->
      </class> <!-- com.SpiceJet.Tests.DummyInfoTest -->
      <class name="com.SpiceJet.Tests.LoginPositiveTest">
        <test-method is-config="true" signature="launchBrowser(java.lang.String)[pri:0, instance:com.SpiceJet.Tests.LoginPositiveTest@36fc695d]" started-at="2023-05-03T15:49:54 IST" name="launchBrowser" finished-at="2023-05-03T15:50:05 IST" duration-ms="11454" status="PASS">
          <params>
            <param index="0">
              <value>
                <![CDATA[edge]]>
              </value>
            </param>
          </params>
          <reporter-output>
          </reporter-output>
        </test-method> <!-- launchBrowser -->
        <test-method signature="login()[pri:-2, instance:com.SpiceJet.Tests.LoginPositiveTest@36fc695d]" started-at="2023-05-03T15:50:05 IST" name="login" finished-at="2023-05-03T15:50:13 IST" duration-ms="8077" status="PASS">
          <reporter-output>
          </reporter-output>
        </test-method> <!-- login -->
        <test-method is-config="true" signature="quitBrowser()[pri:0, instance:com.SpiceJet.Tests.LoginPositiveTest@36fc695d]" started-at="2023-05-03T15:50:13 IST" name="quitBrowser" finished-at="2023-05-03T15:50:14 IST" duration-ms="310" status="PASS">
          <reporter-output>
          </reporter-output>
        </test-method> <!-- quitBrowser -->
      </class> <!-- com.SpiceJet.Tests.LoginPositiveTest -->
      <class name="com.SpiceJet.Tests.SignUpTest">
        <test-method is-config="true" signature="launchBrowser(java.lang.String)[pri:0, instance:com.SpiceJet.Tests.SignUpTest@2b71e916]" started-at="2023-05-03T15:49:14 IST" name="launchBrowser" finished-at="2023-05-03T15:49:27 IST" duration-ms="12281" status="PASS">
          <params>
            <param index="0">
              <value>
                <![CDATA[edge]]>
              </value>
            </param>
          </params>
          <reporter-output>
          </reporter-output>
        </test-method> <!-- launchBrowser -->
        <test-method signature="signUp()[pri:-3, instance:com.SpiceJet.Tests.SignUpTest@2b71e916]" started-at="2023-05-03T15:49:27 IST" name="signUp" finished-at="2023-05-03T15:49:53 IST" duration-ms="26664" status="PASS">
          <reporter-output>
          </reporter-output>
        </test-method> <!-- signUp -->
        <test-method is-config="true" signature="quitBrowser()[pri:0, instance:com.SpiceJet.Tests.SignUpTest@2b71e916]" started-at="2023-05-03T15:49:53 IST" name="quitBrowser" finished-at="2023-05-03T15:49:54 IST" duration-ms="676" status="PASS">
          <reporter-output>
          </reporter-output>
        </test-method> <!-- quitBrowser -->
      </class> <!-- com.SpiceJet.Tests.SignUpTest -->
    </test> <!-- edgeTest -->
  </suite> <!-- Suite -->
</testng-results>
